This is pdfTeX, Version 3.1415926-2.4-1.40.13 (TeX Live 2012/Debian) (format=latex 2012.7.24)  30 JUL 2012 13:37
entering extended mode
 restricted \write18 enabled.
 %&-line parsing enabled.
**\input tutorial1.tex
(./tutorial1.tex (/usr/share/texlive/texmf-dist/tex/latex/base/article.cls
Document Class: article 2007/10/19 v1.4h Standard LaTeX document class
(/usr/share/texlive/texmf-dist/tex/latex/base/size12.clo
File: size12.clo 2007/10/19 v1.4h Standard LaTeX file (size option)
)
\c@part=\count79
\c@section=\count80
\c@subsection=\count81
\c@subsubsection=\count82
\c@paragraph=\count83
\c@subparagraph=\count84
\c@figure=\count85
\c@table=\count86
\abovecaptionskip=\skip41
\belowcaptionskip=\skip42
\bibindent=\dimen102
) (./tutorial1.aux)
\openout1 = `tutorial1.aux'.

LaTeX Font Info:    Checking defaults for OML/cmm/m/it on input line 2.
LaTeX Font Info:    ... okay on input line 2.
LaTeX Font Info:    Checking defaults for T1/cmr/m/n on input line 2.
LaTeX Font Info:    ... okay on input line 2.
LaTeX Font Info:    Checking defaults for OT1/cmr/m/n on input line 2.
LaTeX Font Info:    ... okay on input line 2.
LaTeX Font Info:    Checking defaults for OMS/cmsy/m/n on input line 2.
LaTeX Font Info:    ... okay on input line 2.
LaTeX Font Info:    Checking defaults for OMX/cmex/m/n on input line 2.
LaTeX Font Info:    ... okay on input line 2.
LaTeX Font Info:    Checking defaults for U/cmr/m/n on input line 2.
LaTeX Font Info:    ... okay on input line 2.

Underfull \hbox (badness 10000) in paragraph at lines 5--18

 []

[1

] (./tutorial1.aux) ) 
Here is how much of TeX's memory you used:
 209 strings out of 495060
 2266 string characters out of 3182053
 47052 words of memory out of 3000000
 3476 multiletter control sequences out of 15000+200000
 5149 words of font info for 19 fonts, out of 3000000 for 9000
 14 hyphenation exceptions out of 8191
 22i,4n,19p,163b,109s stack positions out of 5000i,500n,10000p,200000b,50000s

Output written on tutorial1.dvi (1 page, 708 bytes).
